 PATH path82 FOUND 
Scale factor = 1.000000
 0) 33.05,1097.24
    26.25,2194.49
    19.45,2201.29
    26.25,2208.09
 PATH path80 FOUND 
Scale factor = 1.000000
 1) 43.43,1093.56
    38.44,2187.12
    33.45,2188.06
    38.44,2189.01
 PATH path78 FOUND 
Scale factor = 1.000000
 2) 20.88,1093.55
    15.89,2187.10
    10.90,2188.04
    15.89,2188.99
 PATH path76 FOUND 
Scale factor = 1.000000
 3) 43.43,1095.45
    38.44,2190.90
    33.45,2191.84
    38.44,2192.79
 PATH path74 FOUND 
Scale factor = 1.000000
 4) 20.88,1095.44
    15.89,2190.88
    10.90,2191.83
    15.89,2192.77
 PATH path72 FOUND 
Scale factor = 1.000000
 5) 43.43,1097.34
    38.44,2194.67
    33.45,2195.62
    38.44,2196.56
 PATH path70 FOUND 
Scale factor = 1.000000
 6) 20.88,1097.33
    15.89,2194.67
    10.90,2195.61
    15.89,2196.56
 PATH path68 FOUND 
Scale factor = 1.000000
 7) 43.43,1099.23
    38.44,2198.45
    33.45,2199.40
    38.44,2200.34
 PATH path66 FOUND 
Scale factor = 1.000000
 8) 20.88,1099.23
    15.89,2198.45
    10.90,2199.40
    15.89,2200.34
 PATH path64 FOUND 
Scale factor = 1.000000
 9) 43.43,1101.12
    38.44,2202.23
    33.45,2203.18
    38.44,2204.12
 PATH path62 FOUND 
Scale factor = 1.000000
10) 20.88,1101.12
    15.89,2202.24
    10.90,2203.18
    15.89,2204.13
 PATH path60 FOUND 
Scale factor = 1.000000
11) 43.43,1103.01
    38.44,2206.01
    33.45,2206.96
    38.44,2207.90
 PATH path58 FOUND 
Scale factor = 1.000000
12) 20.88,1103.01
    15.89,2206.02
    10.90,2206.97
    15.89,2207.91
 PATH path56 FOUND 
Scale factor = 1.000000
13) 43.43,1104.90
    38.44,2209.79
    33.45,2210.74
    38.44,2211.68
 PATH path54 FOUND 
Scale factor = 1.000000
14) 20.88,1104.90
    15.89,2209.81
    10.90,2210.75
    15.89,2211.70
 PATH path52 FOUND 
Scale factor = 1.000000
15) 43.43,1106.79
    38.44,2213.57
    33.45,2214.52
    38.44,2215.46
 PATH path50 FOUND 
Scale factor = 1.000000
16) 20.88,1106.80
    15.89,2213.59
    10.90,2214.54
    15.89,2215.48
 PATH path48 FOUND 
Scale factor = 1.000000
17) 35.80,1109.42
    71.61,1114.41
    72.55,1119.40
    73.50,1114.41
 PATH path46 FOUND 
Scale factor = 1.000000
18) 33.91,1109.42
    67.82,1114.41
    68.77,1119.40
    69.71,1114.41
 PATH path44 FOUND 
Scale factor = 1.000000
19) 32.02,1109.42
    64.04,1114.41
    64.98,1119.40
    65.93,1114.41
 PATH path42 FOUND 
Scale factor = 1.000000
20) 30.13,1109.42
    60.25,1114.41
    61.20,1119.40
    62.14,1114.41
 PATH path40 FOUND 
Scale factor = 1.000000
21) 28.23,1109.42
    56.47,1114.41
    57.41,1119.40
    58.36,1114.41
 PATH path38 FOUND 
Scale factor = 1.000000
22) 26.34,1109.42
    52.68,1114.41
    53.63,1119.40
    54.57,1114.41
 PATH path36 FOUND 
Scale factor = 1.000000
23) 24.45,1109.42
    48.90,1114.41
    49.84,1119.40
    50.79,1114.41
 PATH path34 FOUND 
Scale factor = 1.000000
24) 22.56,1109.42
    45.11,1114.41
    46.06,1119.40
    47.00,1114.41
 PATH path32 FOUND 
Scale factor = 1.000000
25) 35.79,1086.85
    71.59,1091.86
    72.53,1096.86
    73.48,1091.86
 PATH path30 FOUND 
Scale factor = 1.000000
26) 33.90,1086.85
    67.81,1091.86
    68.75,1096.86
    69.70,1091.86
 PATH path28 FOUND 
Scale factor = 1.000000
27) 32.01,1086.85
    64.03,1091.86
    64.97,1096.86
    65.92,1091.86
 PATH path26 FOUND 
Scale factor = 1.000000
28) 30.13,1086.85
    60.25,1091.86
    61.20,1096.86
    62.14,1091.86
 PATH path24 FOUND 
Scale factor = 1.000000
29) 28.24,1086.85
    56.47,1091.86
    57.42,1096.86
    58.36,1091.86
 PATH path22 FOUND 
Scale factor = 1.000000
30) 26.35,1086.85
    52.69,1091.86
    53.64,1096.86
    54.58,1091.86
 PATH path20 FOUND 
Scale factor = 1.000000
31) 24.46,1086.85
    48.91,1091.86
    49.86,1096.86
    50.80,1091.86
 PATH path18 FOUND 
Scale factor = 1.000000
32) 23.51,1086.85
    22.57,2173.70
    21.62,2178.71
    22.57,2183.71

Object origin:
31.298660 564.315900

Eagle Command:
set wire_bend 2;
change layer tNames;
set width 0.000500;
poly (R -9.146265 553.923500) (R -15.949419 -543.319700) (R -22.752573 -550.122800) (R -15.949419 -556.925900) (R -9.146265 553.923500);
poly (R 1.225542 557.608800) (R -3.760308 -535.949100) (R -8.746158 -536.894000) (R -3.760308 -537.838900) (R 1.225542 557.608800);
poly (R -21.324882 557.619000) (R -26.311771 -535.928700) (R -31.298660 -536.874900) (R -26.311771 -537.821100) (R -21.324882 557.619000);
poly (R 1.225542 555.719000) (R -3.760308 -539.728700) (R -8.746158 -540.673600) (R -3.760308 -541.618500) (R 1.225542 555.719000);
poly (R -21.324882 555.726500) (R -26.311771 -539.713700) (R -31.298660 -540.660000) (R -26.311771 -541.606300) (R -21.324882 555.726500);
poly (R 1.225542 553.829300) (R -3.760308 -543.508100) (R -8.746158 -544.453000) (R -3.760308 -545.397900) (R 1.225542 553.829300);
poly (R -21.324882 553.834100) (R -26.311771 -543.498500) (R -31.298660 -544.444800) (R -26.311771 -545.391100) (R -21.324882 553.834100);
poly (R 1.225542 551.939500) (R -3.760308 -547.287700) (R -8.746158 -548.232600) (R -3.760308 -549.177500) (R 1.225542 551.939500);
poly (R -21.324882 551.941500) (R -26.311771 -547.283700) (R -31.298660 -548.229900) (R -26.311771 -549.176100) (R -21.324882 551.941500);
poly (R 1.225542 550.049700) (R -3.760308 -551.067300) (R -8.746158 -552.012100) (R -3.760308 -552.956900) (R 1.225542 550.049700);
poly (R -21.324882 550.049000) (R -26.311771 -551.068700) (R -31.298660 -552.014800) (R -26.311771 -552.960900) (R -21.324882 550.049000);
poly (R 1.225542 548.160000) (R -3.760308 -554.846700) (R -8.746158 -555.791600) (R -3.760308 -556.736500) (R 1.225542 548.160000);
poly (R -21.324882 548.156600) (R -26.311771 -554.853500) (R -31.298660 -555.799800) (R -26.311771 -556.746100) (R -21.324882 548.156600);
poly (R 1.225542 546.270200) (R -3.760308 -558.626300) (R -8.746158 -559.571200) (R -3.760308 -560.516100) (R 1.225542 546.270200);
poly (R -21.324882 546.264100) (R -26.311771 -558.638500) (R -31.298660 -559.584800) (R -26.311771 -560.531100) (R -21.324882 546.264100);
poly (R 1.225542 544.380400) (R -3.760308 -562.405900) (R -8.746158 -563.350700) (R -3.760308 -564.295500) (R 1.225542 544.380400);
poly (R -21.324882 544.371500) (R -26.311771 -562.423700) (R -31.298660 -563.369800) (R -26.311771 -564.315900) (R -21.324882 544.371500);
poly (R -6.397118 541.745000) (R 29.406160 536.758100) (R 30.352410 531.771200) (R 31.298660 536.758100) (R -6.397118 541.745000);
poly (R -8.289598 541.745000) (R 25.621200 536.758100) (R 26.567440 531.771200) (R 27.513680 536.758100) (R -8.289598 541.745000);
poly (R -10.182098 541.745000) (R 21.836200 536.758100) (R 22.782450 531.771200) (R 23.728700 536.758100) (R -10.182098 541.745000);
poly (R -12.074588 541.745000) (R 18.051220 536.758100) (R 18.997470 531.771200) (R 19.943720 536.758100) (R -12.074588 541.745000);
poly (R -13.967078 541.745000) (R 14.266240 536.758100) (R 15.212490 531.771200) (R 16.158740 536.758100) (R -13.967078 541.745000);
poly (R -15.859566 541.745000) (R 10.481264 536.758100) (R 11.427508 531.771200) (R 12.373752 536.758100) (R -15.859566 541.745000);
poly (R -17.752057 541.745000) (R 6.696282 536.758100) (R 7.642527 531.771200) (R 8.588772 536.758100) (R -17.752057 541.745000);
poly (R -19.644548 541.745000) (R 2.911300 536.758100) (R 3.857545 531.771200) (R 4.803790 536.758100) (R -19.644548 541.745000);
poly (R -6.405978 564.315900) (R 29.388440 559.309600) (R 30.333320 554.303300) (R 31.278200 559.309600) (R -6.405978 564.315900);
poly (R -8.295738 564.315900) (R 25.608920 559.309600) (R 26.553800 554.303300) (R 27.498680 559.309600) (R -8.295738 564.315900);
poly (R -10.185508 564.315900) (R 21.829380 559.309600) (R 22.774270 554.303300) (R 23.719160 559.309600) (R -10.185508 564.315900);
poly (R -12.075268 564.315900) (R 18.049860 559.309600) (R 18.994740 554.303300) (R 19.939620 559.309600) (R -12.075268 564.315900);
poly (R -13.965028 564.315900) (R 14.270340 559.309600) (R 15.215220 554.303300) (R 16.160100 559.309600) (R -13.965028 564.315900);
poly (R -15.854794 564.315900) (R 10.490808 559.309600) (R 11.435689 554.303300) (R 12.380570 559.309600) (R -15.854794 564.315900);
poly (R -17.744558 564.315900) (R 6.711280 559.309600) (R 7.656162 554.303300) (R 8.601044 559.309600) (R -17.744558 564.315900);
poly (R -18.689440 564.315900) (R -19.634322 -522.534900) (R -20.579204 -527.541200) (R -19.634322 -532.547500) (R -18.689440 564.315900);

